2024-03-04 20:49:27,486 - httpx - INFO - HTTP Request: POST https://api.telegram.org/bot6819420079:AAFAtvvmRXrbcP7si0rjcBay7H-9NQyXnNA/getMe "HTTP/1.1 200 OK"
2024-03-04 20:49:27,607 - httpx - INFO - HTTP Request: POST https://api.telegram.org/bot6819420079:AAFAtvvmRXrbcP7si0rjcBay7H-9NQyXnNA/deleteWebhook "HTTP/1.1 200 OK"
2024-03-04 20:49:27,613 - apscheduler.scheduler - INFO - Scheduler started
2024-03-04 20:49:27,614 - telegram.ext.Application - INFO - Application started
2024-03-04 20:49:31,862 - httpx - INFO - HTTP Request: POST https://api.telegram.org/bot6819420079:AAFAtvvmRXrbcP7si0rjcBay7H-9NQyXnNA/getUpdates "HTTP/1.1 200 OK"
2024-03-04 20:49:32,107 - httpx - INFO - HTTP Request: POST https://api.telegram.org/bot6819420079:AAFAtvvmRXrbcP7si0rjcBay7H-9NQyXnNA/sendMessage "HTTP/1.1 200 OK"
2024-03-04 20:49:33,509 - httpx - INFO - HTTP Request: POST https://api.telegram.org/bot6819420079:AAFAtvvmRXrbcP7si0rjcBay7H-9NQyXnNA/getUpdates "HTTP/1.1 200 OK"
2024-03-04 20:49:33,705 - httpx - INFO - HTTP Request: POST https://api.telegram.org/bot6819420079:AAFAtvvmRXrbcP7si0rjcBay7H-9NQyXnNA/answerCallbackQuery "HTTP/1.1 200 OK"
2024-03-04 20:49:33,913 - httpx - INFO - HTTP Request: POST https://api.telegram.org/bot6819420079:AAFAtvvmRXrbcP7si0rjcBay7H-9NQyXnNA/editMessageText "HTTP/1.1 200 OK"
2024-03-04 20:49:42,926 - httpx - INFO - HTTP Request: POST https://api.telegram.org/bot6819420079:AAFAtvvmRXrbcP7si0rjcBay7H-9NQyXnNA/getUpdates "HTTP/1.1 200 OK"
2024-03-04 20:49:43,323 - httpx - INFO - HTTP Request: POST https://api.telegram.org/bot6819420079:AAFAtvvmRXrbcP7si0rjcBay7H-9NQyXnNA/answerCallbackQuery "HTTP/1.1 200 OK"
2024-03-04 20:49:43,472 - httpx - INFO - HTTP Request: POST https://api.telegram.org/bot6819420079:AAFAtvvmRXrbcP7si0rjcBay7H-9NQyXnNA/editMessageText "HTTP/1.1 200 OK"
2024-03-04 20:49:44,431 - httpx - INFO - HTTP Request: POST https://api.telegram.org/bot6819420079:AAFAtvvmRXrbcP7si0rjcBay7H-9NQyXnNA/getUpdates "HTTP/1.1 200 OK"
2024-03-04 20:49:44,595 - httpx - INFO - HTTP Request: POST https://api.telegram.org/bot6819420079:AAFAtvvmRXrbcP7si0rjcBay7H-9NQyXnNA/answerCallbackQuery "HTTP/1.1 200 OK"
2024-03-04 20:49:44,740 - httpx - INFO - HTTP Request: POST https://api.telegram.org/bot6819420079:AAFAtvvmRXrbcP7si0rjcBay7H-9NQyXnNA/editMessageText "HTTP/1.1 200 OK"
2024-03-04 20:49:45,737 - httpx - INFO - HTTP Request: POST https://api.telegram.org/bot6819420079:AAFAtvvmRXrbcP7si0rjcBay7H-9NQyXnNA/getUpdates "HTTP/1.1 200 OK"
2024-03-04 20:49:45,927 - httpx - INFO - HTTP Request: POST https://api.telegram.org/bot6819420079:AAFAtvvmRXrbcP7si0rjcBay7H-9NQyXnNA/answerCallbackQuery "HTTP/1.1 200 OK"
2024-03-04 20:49:46,144 - httpx - INFO - HTTP Request: POST https://api.telegram.org/bot6819420079:AAFAtvvmRXrbcP7si0rjcBay7H-9NQyXnNA/sendPoll "HTTP/1.1 200 OK"
2024-03-04 20:49:46,323 - httpx - INFO - HTTP Request: POST https://api.telegram.org/bot6819420079:AAFAtvvmRXrbcP7si0rjcBay7H-9NQyXnNA/deleteMessage "HTTP/1.1 200 OK"
2024-03-04 20:49:46,567 - httpx - INFO - HTTP Request: POST https://api.telegram.org/bot6819420079:AAFAtvvmRXrbcP7si0rjcBay7H-9NQyXnNA/sendMessage "HTTP/1.1 200 OK"
2024-03-04 20:49:48,392 - httpx - INFO - HTTP Request: POST https://api.telegram.org/bot6819420079:AAFAtvvmRXrbcP7si0rjcBay7H-9NQyXnNA/getUpdates "HTTP/1.1 200 OK"
2024-03-04 20:49:48,899 - httpx - INFO - HTTP Request: POST https://api.telegram.org/bot6819420079:AAFAtvvmRXrbcP7si0rjcBay7H-9NQyXnNA/sendMessage "HTTP/1.1 200 OK"
2024-03-04 20:49:49,948 - httpx - INFO - HTTP Request: POST https://api.telegram.org/bot6819420079:AAFAtvvmRXrbcP7si0rjcBay7H-9NQyXnNA/getUpdates "HTTP/1.1 200 OK"
2024-03-04 20:49:54,553 - httpx - INFO - HTTP Request: POST https://api.telegram.org/bot6819420079:AAFAtvvmRXrbcP7si0rjcBay7H-9NQyXnNA/deleteMessage "HTTP/1.1 200 OK"
2024-03-04 20:49:54,725 - httpx - INFO - HTTP Request: POST https://api.telegram.org/bot6819420079:AAFAtvvmRXrbcP7si0rjcBay7H-9NQyXnNA/answerCallbackQuery "HTTP/1.1 200 OK"
2024-03-04 20:49:54,885 - httpx - INFO - HTTP Request: POST https://api.telegram.org/bot6819420079:AAFAtvvmRXrbcP7si0rjcBay7H-9NQyXnNA/deleteMessage "HTTP/1.1 200 OK"
2024-03-04 20:49:55,065 - httpx - INFO - HTTP Request: POST https://api.telegram.org/bot6819420079:AAFAtvvmRXrbcP7si0rjcBay7H-9NQyXnNA/editMessageText "HTTP/1.1 200 OK"
2024-03-04 20:49:56,274 - httpx - INFO - HTTP Request: POST https://api.telegram.org/bot6819420079:AAFAtvvmRXrbcP7si0rjcBay7H-9NQyXnNA/getUpdates "HTTP/1.1 200 OK"
2024-03-04 20:49:56,541 - httpx - INFO - HTTP Request: POST https://api.telegram.org/bot6819420079:AAFAtvvmRXrbcP7si0rjcBay7H-9NQyXnNA/answerCallbackQuery "HTTP/1.1 200 OK"
2024-03-04 20:49:56,768 - httpx - INFO - HTTP Request: POST https://api.telegram.org/bot6819420079:AAFAtvvmRXrbcP7si0rjcBay7H-9NQyXnNA/editMessageText "HTTP/1.1 200 OK"
2024-03-04 20:50:06,471 - httpx - INFO - HTTP Request: POST https://api.telegram.org/bot6819420079:AAFAtvvmRXrbcP7si0rjcBay7H-9NQyXnNA/getUpdates "HTTP/1.1 200 OK"
2024-03-04 20:50:16,603 - httpx - INFO - HTTP Request: POST https://api.telegram.org/bot6819420079:AAFAtvvmRXrbcP7si0rjcBay7H-9NQyXnNA/getUpdates "HTTP/1.1 200 OK"
2024-03-04 20:50:26,732 - httpx - INFO - HTTP Request: POST https://api.telegram.org/bot6819420079:AAFAtvvmRXrbcP7si0rjcBay7H-9NQyXnNA/getUpdates "HTTP/1.1 200 OK"
2024-03-04 20:50:36,855 - httpx - INFO - HTTP Request: POST https://api.telegram.org/bot6819420079:AAFAtvvmRXrbcP7si0rjcBay7H-9NQyXnNA/getUpdates "HTTP/1.1 200 OK"
2024-03-04 20:50:46,979 - httpx - INFO - HTTP Request: POST https://api.telegram.org/bot6819420079:AAFAtvvmRXrbcP7si0rjcBay7H-9NQyXnNA/getUpdates "HTTP/1.1 200 OK"
2024-03-04 20:50:57,103 - httpx - INFO - HTTP Request: POST https://api.telegram.org/bot6819420079:AAFAtvvmRXrbcP7si0rjcBay7H-9NQyXnNA/getUpdates "HTTP/1.1 200 OK"
2024-03-04 20:51:07,225 - httpx - INFO - HTTP Request: POST https://api.telegram.org/bot6819420079:AAFAtvvmRXrbcP7si0rjcBay7H-9NQyXnNA/getUpdates "HTTP/1.1 200 OK"
2024-03-04 20:51:17,369 - httpx - INFO - HTTP Request: POST https://api.telegram.org/bot6819420079:AAFAtvvmRXrbcP7si0rjcBay7H-9NQyXnNA/getUpdates "HTTP/1.1 200 OK"
2024-03-04 20:51:27,489 - httpx - INFO - HTTP Request: POST https://api.telegram.org/bot6819420079:AAFAtvvmRXrbcP7si0rjcBay7H-9NQyXnNA/getUpdates "HTTP/1.1 200 OK"
2024-03-04 20:51:37,606 - httpx - INFO - HTTP Request: POST https://api.telegram.org/bot6819420079:AAFAtvvmRXrbcP7si0rjcBay7H-9NQyXnNA/getUpdates "HTTP/1.1 200 OK"
2024-03-04 20:51:47,725 - httpx - INFO - HTTP Request: POST https://api.telegram.org/bot6819420079:AAFAtvvmRXrbcP7si0rjcBay7H-9NQyXnNA/getUpdates "HTTP/1.1 200 OK"
2024-03-04 20:51:57,851 - httpx - INFO - HTTP Request: POST https://api.telegram.org/bot6819420079:AAFAtvvmRXrbcP7si0rjcBay7H-9NQyXnNA/getUpdates "HTTP/1.1 200 OK"
2024-03-04 20:52:07,973 - httpx - INFO - HTTP Request: POST https://api.telegram.org/bot6819420079:AAFAtvvmRXrbcP7si0rjcBay7H-9NQyXnNA/getUpdates "HTTP/1.1 200 OK"
2024-03-04 20:52:18,091 - httpx - INFO - HTTP Request: POST https://api.telegram.org/bot6819420079:AAFAtvvmRXrbcP7si0rjcBay7H-9NQyXnNA/getUpdates "HTTP/1.1 200 OK"
2024-03-04 20:52:28,213 - httpx - INFO - HTTP Request: POST https://api.telegram.org/bot6819420079:AAFAtvvmRXrbcP7si0rjcBay7H-9NQyXnNA/getUpdates "HTTP/1.1 200 OK"
2024-03-04 20:52:38,341 - httpx - INFO - HTTP Request: POST https://api.telegram.org/bot6819420079:AAFAtvvmRXrbcP7si0rjcBay7H-9NQyXnNA/getUpdates "HTTP/1.1 200 OK"
2024-03-04 20:52:48,468 - httpx - INFO - HTTP Request: POST https://api.telegram.org/bot6819420079:AAFAtvvmRXrbcP7si0rjcBay7H-9NQyXnNA/getUpdates "HTTP/1.1 200 OK"
2024-03-04 20:52:58,611 - httpx - INFO - HTTP Request: POST https://api.telegram.org/bot6819420079:AAFAtvvmRXrbcP7si0rjcBay7H-9NQyXnNA/getUpdates "HTTP/1.1 200 OK"
2024-03-04 20:53:08,739 - httpx - INFO - HTTP Request: POST https://api.telegram.org/bot6819420079:AAFAtvvmRXrbcP7si0rjcBay7H-9NQyXnNA/getUpdates "HTTP/1.1 200 OK"
2024-03-04 20:53:18,877 - httpx - INFO - HTTP Request: POST https://api.telegram.org/bot6819420079:AAFAtvvmRXrbcP7si0rjcBay7H-9NQyXnNA/getUpdates "HTTP/1.1 200 OK"
2024-03-04 20:53:29,006 - httpx - INFO - HTTP Request: POST https://api.telegram.org/bot6819420079:AAFAtvvmRXrbcP7si0rjcBay7H-9NQyXnNA/getUpdates "HTTP/1.1 200 OK"
2024-03-04 20:53:39,141 - httpx - INFO - HTTP Request: POST https://api.telegram.org/bot6819420079:AAFAtvvmRXrbcP7si0rjcBay7H-9NQyXnNA/getUpdates "HTTP/1.1 200 OK"
2024-03-04 20:53:49,268 - httpx - INFO - HTTP Request: POST https://api.telegram.org/bot6819420079:AAFAtvvmRXrbcP7si0rjcBay7H-9NQyXnNA/getUpdates "HTTP/1.1 200 OK"
2024-03-04 20:53:59,394 - httpx - INFO - HTTP Request: POST https://api.telegram.org/bot6819420079:AAFAtvvmRXrbcP7si0rjcBay7H-9NQyXnNA/getUpdates "HTTP/1.1 200 OK"
2024-03-04 20:54:09,514 - httpx - INFO - HTTP Request: POST https://api.telegram.org/bot6819420079:AAFAtvvmRXrbcP7si0rjcBay7H-9NQyXnNA/getUpdates "HTTP/1.1 200 OK"
2024-03-04 20:54:19,664 - httpx - INFO - HTTP Request: POST https://api.telegram.org/bot6819420079:AAFAtvvmRXrbcP7si0rjcBay7H-9NQyXnNA/getUpdates "HTTP/1.1 200 OK"
2024-03-04 20:54:29,800 - httpx - INFO - HTTP Request: POST https://api.telegram.org/bot6819420079:AAFAtvvmRXrbcP7si0rjcBay7H-9NQyXnNA/getUpdates "HTTP/1.1 200 OK"
2024-03-04 20:54:36,844 - httpx - INFO - HTTP Request: POST https://api.telegram.org/bot6819420079:AAFAtvvmRXrbcP7si0rjcBay7H-9NQyXnNA/getUpdates "HTTP/1.1 200 OK"
2024-03-04 20:54:36,845 - telegram.ext.Application - INFO - Application is stopping. This might take a moment.
2024-03-04 20:54:36,845 - apscheduler.scheduler - INFO - Scheduler has been shut down
2024-03-04 20:54:36,845 - telegram.ext.Application - INFO - Application.stop() complete
2024-03-04 20:54:40,932 - httpx - INFO - HTTP Request: POST https://api.telegram.org/bot6819420079:AAFAtvvmRXrbcP7si0rjcBay7H-9NQyXnNA/getMe "HTTP/1.1 200 OK"
2024-03-04 20:54:41,048 - httpx - INFO - HTTP Request: POST https://api.telegram.org/bot6819420079:AAFAtvvmRXrbcP7si0rjcBay7H-9NQyXnNA/deleteWebhook "HTTP/1.1 200 OK"
2024-03-04 20:54:41,049 - apscheduler.scheduler - INFO - Scheduler started
2024-03-04 20:54:41,049 - telegram.ext.Application - INFO - Application started
2024-03-04 20:54:43,099 - httpx - INFO - HTTP Request: POST https://api.telegram.org/bot6819420079:AAFAtvvmRXrbcP7si0rjcBay7H-9NQyXnNA/getUpdates "HTTP/1.1 200 OK"
2024-03-04 20:54:43,309 - httpx - INFO - HTTP Request: POST https://api.telegram.org/bot6819420079:AAFAtvvmRXrbcP7si0rjcBay7H-9NQyXnNA/answerCallbackQuery "HTTP/1.1 200 OK"
2024-03-04 20:54:43,541 - httpx - INFO - HTTP Request: POST https://api.telegram.org/bot6819420079:AAFAtvvmRXrbcP7si0rjcBay7H-9NQyXnNA/editMessageText "HTTP/1.1 200 OK"
2024-03-04 20:54:46,814 - httpx - INFO - HTTP Request: POST https://api.telegram.org/bot6819420079:AAFAtvvmRXrbcP7si0rjcBay7H-9NQyXnNA/getUpdates "HTTP/1.1 200 OK"
2024-03-04 20:54:47,005 - httpx - INFO - HTTP Request: POST https://api.telegram.org/bot6819420079:AAFAtvvmRXrbcP7si0rjcBay7H-9NQyXnNA/answerCallbackQuery "HTTP/1.1 200 OK"
2024-03-04 20:54:47,275 - httpx - INFO - HTTP Request: POST https://api.telegram.org/bot6819420079:AAFAtvvmRXrbcP7si0rjcBay7H-9NQyXnNA/editMessageText "HTTP/1.1 200 OK"
2024-03-04 20:54:48,971 - httpx - INFO - HTTP Request: POST https://api.telegram.org/bot6819420079:AAFAtvvmRXrbcP7si0rjcBay7H-9NQyXnNA/getUpdates "HTTP/1.1 200 OK"
2024-03-04 20:54:49,138 - httpx - INFO - HTTP Request: POST https://api.telegram.org/bot6819420079:AAFAtvvmRXrbcP7si0rjcBay7H-9NQyXnNA/answerCallbackQuery "HTTP/1.1 200 OK"
2024-03-04 20:54:49,321 - httpx - INFO - HTTP Request: POST https://api.telegram.org/bot6819420079:AAFAtvvmRXrbcP7si0rjcBay7H-9NQyXnNA/editMessageText "HTTP/1.1 200 OK"
2024-03-04 20:54:59,091 - httpx - INFO - HTTP Request: POST https://api.telegram.org/bot6819420079:AAFAtvvmRXrbcP7si0rjcBay7H-9NQyXnNA/getUpdates "HTTP/1.1 200 OK"
2024-03-04 20:55:09,210 - httpx - INFO - HTTP Request: POST https://api.telegram.org/bot6819420079:AAFAtvvmRXrbcP7si0rjcBay7H-9NQyXnNA/getUpdates "HTTP/1.1 200 OK"
2024-03-04 20:55:19,353 - httpx - INFO - HTTP Request: POST https://api.telegram.org/bot6819420079:AAFAtvvmRXrbcP7si0rjcBay7H-9NQyXnNA/getUpdates "HTTP/1.1 200 OK"
2024-03-04 20:55:29,474 - httpx - INFO - HTTP Request: POST https://api.telegram.org/bot6819420079:AAFAtvvmRXrbcP7si0rjcBay7H-9NQyXnNA/getUpdates "HTTP/1.1 200 OK"
2024-03-04 20:55:39,639 - httpx - INFO - HTTP Request: POST https://api.telegram.org/bot6819420079:AAFAtvvmRXrbcP7si0rjcBay7H-9NQyXnNA/getUpdates "HTTP/1.1 200 OK"
2024-03-04 20:55:49,758 - httpx - INFO - HTTP Request: POST https://api.telegram.org/bot6819420079:AAFAtvvmRXrbcP7si0rjcBay7H-9NQyXnNA/getUpdates "HTTP/1.1 200 OK"
2024-03-04 20:55:59,885 - httpx - INFO - HTTP Request: POST https://api.telegram.org/bot6819420079:AAFAtvvmRXrbcP7si0rjcBay7H-9NQyXnNA/getUpdates "HTTP/1.1 200 OK"
2024-03-04 20:56:10,019 - httpx - INFO - HTTP Request: POST https://api.telegram.org/bot6819420079:AAFAtvvmRXrbcP7si0rjcBay7H-9NQyXnNA/getUpdates "HTTP/1.1 200 OK"
2024-03-04 20:56:20,168 - httpx - INFO - HTTP Request: POST https://api.telegram.org/bot6819420079:AAFAtvvmRXrbcP7si0rjcBay7H-9NQyXnNA/getUpdates "HTTP/1.1 200 OK"
2024-03-04 20:56:30,312 - httpx - INFO - HTTP Request: POST https://api.telegram.org/bot6819420079:AAFAtvvmRXrbcP7si0rjcBay7H-9NQyXnNA/getUpdates "HTTP/1.1 200 OK"
2024-03-04 20:56:40,501 - httpx - INFO - HTTP Request: POST https://api.telegram.org/bot6819420079:AAFAtvvmRXrbcP7si0rjcBay7H-9NQyXnNA/getUpdates "HTTP/1.1 200 OK"
2024-03-04 20:56:50,680 - httpx - INFO - HTTP Request: POST https://api.telegram.org/bot6819420079:AAFAtvvmRXrbcP7si0rjcBay7H-9NQyXnNA/getUpdates "HTTP/1.1 200 OK"
2024-03-04 20:57:00,809 - httpx - INFO - HTTP Request: POST https://api.telegram.org/bot6819420079:AAFAtvvmRXrbcP7si0rjcBay7H-9NQyXnNA/getUpdates "HTTP/1.1 200 OK"
2024-03-04 20:57:10,951 - httpx - INFO - HTTP Request: POST https://api.telegram.org/bot6819420079:AAFAtvvmRXrbcP7si0rjcBay7H-9NQyXnNA/getUpdates "HTTP/1.1 200 OK"
2024-03-04 20:57:21,104 - httpx - INFO - HTTP Request: POST https://api.telegram.org/bot6819420079:AAFAtvvmRXrbcP7si0rjcBay7H-9NQyXnNA/getUpdates "HTTP/1.1 200 OK"
2024-03-04 20:57:31,253 - httpx - INFO - HTTP Request: POST https://api.telegram.org/bot6819420079:AAFAtvvmRXrbcP7si0rjcBay7H-9NQyXnNA/getUpdates "HTTP/1.1 200 OK"
2024-03-04 20:57:41,397 - httpx - INFO - HTTP Request: POST https://api.telegram.org/bot6819420079:AAFAtvvmRXrbcP7si0rjcBay7H-9NQyXnNA/getUpdates "HTTP/1.1 200 OK"
2024-03-04 20:57:51,537 - httpx - INFO - HTTP Request: POST https://api.telegram.org/bot6819420079:AAFAtvvmRXrbcP7si0rjcBay7H-9NQyXnNA/getUpdates "HTTP/1.1 200 OK"
2024-03-04 20:58:01,676 - httpx - INFO - HTTP Request: POST https://api.telegram.org/bot6819420079:AAFAtvvmRXrbcP7si0rjcBay7H-9NQyXnNA/getUpdates "HTTP/1.1 200 OK"
2024-03-04 20:58:11,806 - httpx - INFO - HTTP Request: POST https://api.telegram.org/bot6819420079:AAFAtvvmRXrbcP7si0rjcBay7H-9NQyXnNA/getUpdates "HTTP/1.1 200 OK"
2024-03-04 20:58:21,950 - httpx - INFO - HTTP Request: POST https://api.telegram.org/bot6819420079:AAFAtvvmRXrbcP7si0rjcBay7H-9NQyXnNA/getUpdates "HTTP/1.1 200 OK"
2024-03-04 20:58:32,139 - httpx - INFO - HTTP Request: POST https://api.telegram.org/bot6819420079:AAFAtvvmRXrbcP7si0rjcBay7H-9NQyXnNA/getUpdates "HTTP/1.1 200 OK"
2024-03-04 20:58:42,279 - httpx - INFO - HTTP Request: POST https://api.telegram.org/bot6819420079:AAFAtvvmRXrbcP7si0rjcBay7H-9NQyXnNA/getUpdates "HTTP/1.1 200 OK"
2024-03-04 20:58:52,447 - httpx - INFO - HTTP Request: POST https://api.telegram.org/bot6819420079:AAFAtvvmRXrbcP7si0rjcBay7H-9NQyXnNA/getUpdates "HTTP/1.1 200 OK"
2024-03-04 20:59:02,588 - httpx - INFO - HTTP Request: POST https://api.telegram.org/bot6819420079:AAFAtvvmRXrbcP7si0rjcBay7H-9NQyXnNA/getUpdates "HTTP/1.1 200 OK"
2024-03-04 20:59:12,756 - httpx - INFO - HTTP Request: POST https://api.telegram.org/bot6819420079:AAFAtvvmRXrbcP7si0rjcBay7H-9NQyXnNA/getUpdates "HTTP/1.1 200 OK"
2024-03-04 20:59:22,908 - httpx - INFO - HTTP Request: POST https://api.telegram.org/bot6819420079:AAFAtvvmRXrbcP7si0rjcBay7H-9NQyXnNA/getUpdates "HTTP/1.1 200 OK"
2024-03-04 20:59:33,048 - httpx - INFO - HTTP Request: POST https://api.telegram.org/bot6819420079:AAFAtvvmRXrbcP7si0rjcBay7H-9NQyXnNA/getUpdates "HTTP/1.1 200 OK"
2024-03-04 20:59:43,188 - httpx - INFO - HTTP Request: POST https://api.telegram.org/bot6819420079:AAFAtvvmRXrbcP7si0rjcBay7H-9NQyXnNA/getUpdates "HTTP/1.1 200 OK"
2024-03-04 20:59:53,344 - httpx - INFO - HTTP Request: POST https://api.telegram.org/bot6819420079:AAFAtvvmRXrbcP7si0rjcBay7H-9NQyXnNA/getUpdates "HTTP/1.1 200 OK"
2024-03-04 21:00:03,486 - httpx - INFO - HTTP Request: POST https://api.telegram.org/bot6819420079:AAFAtvvmRXrbcP7si0rjcBay7H-9NQyXnNA/getUpdates "HTTP/1.1 200 OK"
2024-03-04 21:00:13,712 - httpx - INFO - HTTP Request: POST https://api.telegram.org/bot6819420079:AAFAtvvmRXrbcP7si0rjcBay7H-9NQyXnNA/getUpdates "HTTP/1.1 200 OK"
2024-03-04 21:00:23,855 - httpx - INFO - HTTP Request: POST https://api.telegram.org/bot6819420079:AAFAtvvmRXrbcP7si0rjcBay7H-9NQyXnNA/getUpdates "HTTP/1.1 200 OK"
2024-03-04 21:00:34,003 - httpx - INFO - HTTP Request: POST https://api.telegram.org/bot6819420079:AAFAtvvmRXrbcP7si0rjcBay7H-9NQyXnNA/getUpdates "HTTP/1.1 200 OK"
2024-03-04 21:00:44,157 - httpx - INFO - HTTP Request: POST https://api.telegram.org/bot6819420079:AAFAtvvmRXrbcP7si0rjcBay7H-9NQyXnNA/getUpdates "HTTP/1.1 200 OK"
2024-03-04 21:00:54,283 - httpx - INFO - HTTP Request: POST https://api.telegram.org/bot6819420079:AAFAtvvmRXrbcP7si0rjcBay7H-9NQyXnNA/getUpdates "HTTP/1.1 200 OK"
2024-03-04 21:01:04,411 - httpx - INFO - HTTP Request: POST https://api.telegram.org/bot6819420079:AAFAtvvmRXrbcP7si0rjcBay7H-9NQyXnNA/getUpdates "HTTP/1.1 200 OK"
2024-03-04 21:01:14,563 - httpx - INFO - HTTP Request: POST https://api.telegram.org/bot6819420079:AAFAtvvmRXrbcP7si0rjcBay7H-9NQyXnNA/getUpdates "HTTP/1.1 200 OK"
2024-03-04 21:01:24,758 - httpx - INFO - HTTP Request: POST https://api.telegram.org/bot6819420079:AAFAtvvmRXrbcP7si0rjcBay7H-9NQyXnNA/getUpdates "HTTP/1.1 200 OK"
2024-03-04 21:01:34,921 - httpx - INFO - HTTP Request: POST https://api.telegram.org/bot6819420079:AAFAtvvmRXrbcP7si0rjcBay7H-9NQyXnNA/getUpdates "HTTP/1.1 200 OK"
2024-03-04 21:01:45,062 - httpx - INFO - HTTP Request: POST https://api.telegram.org/bot6819420079:AAFAtvvmRXrbcP7si0rjcBay7H-9NQyXnNA/getUpdates "HTTP/1.1 200 OK"
2024-03-04 21:01:55,205 - httpx - INFO - HTTP Request: POST https://api.telegram.org/bot6819420079:AAFAtvvmRXrbcP7si0rjcBay7H-9NQyXnNA/getUpdates "HTTP/1.1 200 OK"
2024-03-04 21:02:05,341 - httpx - INFO - HTTP Request: POST https://api.telegram.org/bot6819420079:AAFAtvvmRXrbcP7si0rjcBay7H-9NQyXnNA/getUpdates "HTTP/1.1 200 OK"
2024-03-04 21:02:15,495 - httpx - INFO - HTTP Request: POST https://api.telegram.org/bot6819420079:AAFAtvvmRXrbcP7si0rjcBay7H-9NQyXnNA/getUpdates "HTTP/1.1 200 OK"
2024-03-04 21:02:25,705 - httpx - INFO - HTTP Request: POST https://api.telegram.org/bot6819420079:AAFAtvvmRXrbcP7si0rjcBay7H-9NQyXnNA/getUpdates "HTTP/1.1 200 OK"
2024-03-04 21:02:35,862 - httpx - INFO - HTTP Request: POST https://api.telegram.org/bot6819420079:AAFAtvvmRXrbcP7si0rjcBay7H-9NQyXnNA/getUpdates "HTTP/1.1 200 OK"
2024-03-04 21:02:46,004 - httpx - INFO - HTTP Request: POST https://api.telegram.org/bot6819420079:AAFAtvvmRXrbcP7si0rjcBay7H-9NQyXnNA/getUpdates "HTTP/1.1 200 OK"
2024-03-04 21:02:56,157 - httpx - INFO - HTTP Request: POST https://api.telegram.org/bot6819420079:AAFAtvvmRXrbcP7si0rjcBay7H-9NQyXnNA/getUpdates "HTTP/1.1 200 OK"
2024-03-04 21:03:06,279 - httpx - INFO - HTTP Request: POST https://api.telegram.org/bot6819420079:AAFAtvvmRXrbcP7si0rjcBay7H-9NQyXnNA/getUpdates "HTTP/1.1 200 OK"
2024-03-04 21:03:16,485 - httpx - INFO - HTTP Request: POST https://api.telegram.org/bot6819420079:AAFAtvvmRXrbcP7si0rjcBay7H-9NQyXnNA/getUpdates "HTTP/1.1 200 OK"
2024-03-04 21:03:26,628 - httpx - INFO - HTTP Request: POST https://api.telegram.org/bot6819420079:AAFAtvvmRXrbcP7si0rjcBay7H-9NQyXnNA/getUpdates "HTTP/1.1 200 OK"
2024-03-04 21:03:36,765 - httpx - INFO - HTTP Request: POST https://api.telegram.org/bot6819420079:AAFAtvvmRXrbcP7si0rjcBay7H-9NQyXnNA/getUpdates "HTTP/1.1 200 OK"
2024-03-04 21:03:46,900 - httpx - INFO - HTTP Request: POST https://api.telegram.org/bot6819420079:AAFAtvvmRXrbcP7si0rjcBay7H-9NQyXnNA/getUpdates "HTTP/1.1 200 OK"
2024-03-04 21:03:57,163 - httpx - INFO - HTTP Request: POST https://api.telegram.org/bot6819420079:AAFAtvvmRXrbcP7si0rjcBay7H-9NQyXnNA/getUpdates "HTTP/1.1 200 OK"
2024-03-04 21:04:07,433 - httpx - INFO - HTTP Request: POST https://api.telegram.org/bot6819420079:AAFAtvvmRXrbcP7si0rjcBay7H-9NQyXnNA/getUpdates "HTTP/1.1 200 OK"
2024-03-04 21:04:17,597 - httpx - INFO - HTTP Request: POST https://api.telegram.org/bot6819420079:AAFAtvvmRXrbcP7si0rjcBay7H-9NQyXnNA/getUpdates "HTTP/1.1 200 OK"
2024-03-04 21:04:27,732 - httpx - INFO - HTTP Request: POST https://api.telegram.org/bot6819420079:AAFAtvvmRXrbcP7si0rjcBay7H-9NQyXnNA/getUpdates "HTTP/1.1 200 OK"
2024-03-04 21:04:37,875 - httpx - INFO - HTTP Request: POST https://api.telegram.org/bot6819420079:AAFAtvvmRXrbcP7si0rjcBay7H-9NQyXnNA/getUpdates "HTTP/1.1 200 OK"
2024-03-04 21:04:47,996 - httpx - INFO - HTTP Request: POST https://api.telegram.org/bot6819420079:AAFAtvvmRXrbcP7si0rjcBay7H-9NQyXnNA/getUpdates "HTTP/1.1 200 OK"
2024-03-04 21:04:58,144 - httpx - INFO - HTTP Request: POST https://api.telegram.org/bot6819420079:AAFAtvvmRXrbcP7si0rjcBay7H-9NQyXnNA/getUpdates "HTTP/1.1 200 OK"
2024-03-04 21:05:08,341 - httpx - INFO - HTTP Request: POST https://api.telegram.org/bot6819420079:AAFAtvvmRXrbcP7si0rjcBay7H-9NQyXnNA/getUpdates "HTTP/1.1 200 OK"
2024-03-04 21:05:18,509 - httpx - INFO - HTTP Request: POST https://api.telegram.org/bot6819420079:AAFAtvvmRXrbcP7si0rjcBay7H-9NQyXnNA/getUpdates "HTTP/1.1 200 OK"
2024-03-04 21:05:28,745 - httpx - INFO - HTTP Request: POST https://api.telegram.org/bot6819420079:AAFAtvvmRXrbcP7si0rjcBay7H-9NQyXnNA/getUpdates "HTTP/1.1 200 OK"
2024-03-04 21:05:38,903 - httpx - INFO - HTTP Request: POST https://api.telegram.org/bot6819420079:AAFAtvvmRXrbcP7si0rjcBay7H-9NQyXnNA/getUpdates "HTTP/1.1 200 OK"
2024-03-04 21:05:49,073 - httpx - INFO - HTTP Request: POST https://api.telegram.org/bot6819420079:AAFAtvvmRXrbcP7si0rjcBay7H-9NQyXnNA/getUpdates "HTTP/1.1 200 OK"
2024-03-04 21:05:59,212 - httpx - INFO - HTTP Request: POST https://api.telegram.org/bot6819420079:AAFAtvvmRXrbcP7si0rjcBay7H-9NQyXnNA/getUpdates "HTTP/1.1 200 OK"
2024-03-04 21:06:09,353 - httpx - INFO - HTTP Request: POST https://api.telegram.org/bot6819420079:AAFAtvvmRXrbcP7si0rjcBay7H-9NQyXnNA/getUpdates "HTTP/1.1 200 OK"
2024-03-04 21:06:19,502 - httpx - INFO - HTTP Request: POST https://api.telegram.org/bot6819420079:AAFAtvvmRXrbcP7si0rjcBay7H-9NQyXnNA/getUpdates "HTTP/1.1 200 OK"
2024-03-04 21:06:29,654 - httpx - INFO - HTTP Request: POST https://api.telegram.org/bot6819420079:AAFAtvvmRXrbcP7si0rjcBay7H-9NQyXnNA/getUpdates "HTTP/1.1 200 OK"
2024-03-04 21:06:39,808 - httpx - INFO - HTTP Request: POST https://api.telegram.org/bot6819420079:AAFAtvvmRXrbcP7si0rjcBay7H-9NQyXnNA/getUpdates "HTTP/1.1 200 OK"
2024-03-04 21:06:49,944 - httpx - INFO - HTTP Request: POST https://api.telegram.org/bot6819420079:AAFAtvvmRXrbcP7si0rjcBay7H-9NQyXnNA/getUpdates "HTTP/1.1 200 OK"
2024-03-04 21:07:00,202 - httpx - INFO - HTTP Request: POST https://api.telegram.org/bot6819420079:AAFAtvvmRXrbcP7si0rjcBay7H-9NQyXnNA/getUpdates "HTTP/1.1 200 OK"
2024-03-04 21:07:10,461 - httpx - INFO - HTTP Request: POST https://api.telegram.org/bot6819420079:AAFAtvvmRXrbcP7si0rjcBay7H-9NQyXnNA/getUpdates "HTTP/1.1 200 OK"
2024-03-04 21:07:20,629 - httpx - INFO - HTTP Request: POST https://api.telegram.org/bot6819420079:AAFAtvvmRXrbcP7si0rjcBay7H-9NQyXnNA/getUpdates "HTTP/1.1 200 OK"
2024-03-04 21:07:30,794 - httpx - INFO - HTTP Request: POST https://api.telegram.org/bot6819420079:AAFAtvvmRXrbcP7si0rjcBay7H-9NQyXnNA/getUpdates "HTTP/1.1 200 OK"
2024-03-04 21:07:40,944 - httpx - INFO - HTTP Request: POST https://api.telegram.org/bot6819420079:AAFAtvvmRXrbcP7si0rjcBay7H-9NQyXnNA/getUpdates "HTTP/1.1 200 OK"
2024-03-04 21:07:51,096 - httpx - INFO - HTTP Request: POST https://api.telegram.org/bot6819420079:AAFAtvvmRXrbcP7si0rjcBay7H-9NQyXnNA/getUpdates "HTTP/1.1 200 OK"
2024-03-04 21:08:01,225 - httpx - INFO - HTTP Request: POST https://api.telegram.org/bot6819420079:AAFAtvvmRXrbcP7si0rjcBay7H-9NQyXnNA/getUpdates "HTTP/1.1 200 OK"
2024-03-04 21:08:11,392 - httpx - INFO - HTTP Request: POST https://api.telegram.org/bot6819420079:AAFAtvvmRXrbcP7si0rjcBay7H-9NQyXnNA/getUpdates "HTTP/1.1 200 OK"
2024-03-04 21:08:21,568 - httpx - INFO - HTTP Request: POST https://api.telegram.org/bot6819420079:AAFAtvvmRXrbcP7si0rjcBay7H-9NQyXnNA/getUpdates "HTTP/1.1 200 OK"
2024-03-04 21:08:31,787 - httpx - INFO - HTTP Request: POST https://api.telegram.org/bot6819420079:AAFAtvvmRXrbcP7si0rjcBay7H-9NQyXnNA/getUpdates "HTTP/1.1 200 OK"
2024-03-04 21:08:41,954 - httpx - INFO - HTTP Request: POST https://api.telegram.org/bot6819420079:AAFAtvvmRXrbcP7si0rjcBay7H-9NQyXnNA/getUpdates "HTTP/1.1 200 OK"
2024-03-04 21:08:52,105 - httpx - INFO - HTTP Request: POST https://api.telegram.org/bot6819420079:AAFAtvvmRXrbcP7si0rjcBay7H-9NQyXnNA/getUpdates "HTTP/1.1 200 OK"
2024-03-04 21:09:02,250 - httpx - INFO - HTTP Request: POST https://api.telegram.org/bot6819420079:AAFAtvvmRXrbcP7si0rjcBay7H-9NQyXnNA/getUpdates "HTTP/1.1 200 OK"
2024-03-04 21:09:12,410 - httpx - INFO - HTTP Request: POST https://api.telegram.org/bot6819420079:AAFAtvvmRXrbcP7si0rjcBay7H-9NQyXnNA/getUpdates "HTTP/1.1 200 OK"
2024-03-04 21:09:22,628 - httpx - INFO - HTTP Request: POST https://api.telegram.org/bot6819420079:AAFAtvvmRXrbcP7si0rjcBay7H-9NQyXnNA/getUpdates "HTTP/1.1 200 OK"
2024-03-04 21:09:32,781 - httpx - INFO - HTTP Request: POST https://api.telegram.org/bot6819420079:AAFAtvvmRXrbcP7si0rjcBay7H-9NQyXnNA/getUpdates "HTTP/1.1 200 OK"
2024-03-04 21:09:35,216 - httpx - INFO - HTTP Request: POST https://api.telegram.org/bot6819420079:AAFAtvvmRXrbcP7si0rjcBay7H-9NQyXnNA/getUpdates "HTTP/1.1 200 OK"
2024-03-04 21:09:35,694 - httpx - INFO - HTTP Request: POST https://api.telegram.org/bot6819420079:AAFAtvvmRXrbcP7si0rjcBay7H-9NQyXnNA/sendMessage "HTTP/1.1 200 OK"
2024-03-04 21:09:39,386 - httpx - INFO - HTTP Request: POST https://api.telegram.org/bot6819420079:AAFAtvvmRXrbcP7si0rjcBay7H-9NQyXnNA/getUpdates "HTTP/1.1 200 OK"
2024-03-04 21:09:39,578 - httpx - INFO - HTTP Request: POST https://api.telegram.org/bot6819420079:AAFAtvvmRXrbcP7si0rjcBay7H-9NQyXnNA/answerCallbackQuery "HTTP/1.1 200 OK"
2024-03-04 21:09:39,783 - httpx - INFO - HTTP Request: POST https://api.telegram.org/bot6819420079:AAFAtvvmRXrbcP7si0rjcBay7H-9NQyXnNA/deleteMessage "HTTP/1.1 200 OK"
2024-03-04 21:09:39,989 - httpx - INFO - HTTP Request: POST https://api.telegram.org/bot6819420079:AAFAtvvmRXrbcP7si0rjcBay7H-9NQyXnNA/sendMessage "HTTP/1.1 200 OK"
2024-03-04 21:09:43,535 - httpx - INFO - HTTP Request: POST https://api.telegram.org/bot6819420079:AAFAtvvmRXrbcP7si0rjcBay7H-9NQyXnNA/getUpdates "HTTP/1.1 200 OK"
2024-03-04 21:09:43,789 - httpx - INFO - HTTP Request: POST https://api.telegram.org/bot6819420079:AAFAtvvmRXrbcP7si0rjcBay7H-9NQyXnNA/answerCallbackQuery "HTTP/1.1 200 OK"
2024-03-04 21:09:44,092 - httpx - INFO - HTTP Request: POST https://api.telegram.org/bot6819420079:AAFAtvvmRXrbcP7si0rjcBay7H-9NQyXnNA/editMessageText "HTTP/1.1 200 OK"
2024-03-04 21:09:50,184 - httpx - INFO - HTTP Request: POST https://api.telegram.org/bot6819420079:AAFAtvvmRXrbcP7si0rjcBay7H-9NQyXnNA/getUpdates "HTTP/1.1 200 OK"
2024-03-04 21:09:50,186 - telegram.ext.Application - INFO - Application is stopping. This might take a moment.
2024-03-04 21:09:50,187 - apscheduler.scheduler - INFO - Scheduler has been shut down
2024-03-04 21:09:50,188 - telegram.ext.Application - INFO - Application.stop() complete
2024-03-04 21:09:58,501 - httpx - INFO - HTTP Request: POST https://api.telegram.org/bot6819420079:AAFAtvvmRXrbcP7si0rjcBay7H-9NQyXnNA/getMe "HTTP/1.1 200 OK"
2024-03-04 21:09:58,631 - httpx - INFO - HTTP Request: POST https://api.telegram.org/bot6819420079:AAFAtvvmRXrbcP7si0rjcBay7H-9NQyXnNA/deleteWebhook "HTTP/1.1 200 OK"
2024-03-04 21:09:58,635 - apscheduler.scheduler - INFO - Scheduler started
2024-03-04 21:09:58,636 - telegram.ext.Application - INFO - Application started
2024-03-04 21:10:08,973 - httpx - INFO - HTTP Request: POST https://api.telegram.org/bot6819420079:AAFAtvvmRXrbcP7si0rjcBay7H-9NQyXnNA/getUpdates "HTTP/1.1 200 OK"
2024-03-04 21:10:09,287 - httpx - INFO - HTTP Request: POST https://api.telegram.org/bot6819420079:AAFAtvvmRXrbcP7si0rjcBay7H-9NQyXnNA/getUpdates "HTTP/1.1 200 OK"
2024-03-04 21:10:09,861 - httpx - INFO - HTTP Request: POST https://api.telegram.org/bot6819420079:AAFAtvvmRXrbcP7si0rjcBay7H-9NQyXnNA/answerCallbackQuery "HTTP/1.1 200 OK"
2024-03-04 21:10:10,203 - httpx - INFO - HTTP Request: POST https://api.telegram.org/bot6819420079:AAFAtvvmRXrbcP7si0rjcBay7H-9NQyXnNA/editMessageText "HTTP/1.1 200 OK"
2024-03-04 21:10:16,656 - httpx - INFO - HTTP Request: POST https://api.telegram.org/bot6819420079:AAFAtvvmRXrbcP7si0rjcBay7H-9NQyXnNA/getUpdates "HTTP/1.1 200 OK"
2024-03-04 21:10:17,068 - httpx - INFO - HTTP Request: POST https://api.telegram.org/bot6819420079:AAFAtvvmRXrbcP7si0rjcBay7H-9NQyXnNA/answerCallbackQuery "HTTP/1.1 200 OK"
2024-03-04 21:10:17,245 - httpx - INFO - HTTP Request: POST https://api.telegram.org/bot6819420079:AAFAtvvmRXrbcP7si0rjcBay7H-9NQyXnNA/deleteMessage "HTTP/1.1 200 OK"
2024-03-04 21:10:17,469 - httpx - INFO - HTTP Request: POST https://api.telegram.org/bot6819420079:AAFAtvvmRXrbcP7si0rjcBay7H-9NQyXnNA/sendMessage "HTTP/1.1 200 OK"
2024-03-04 21:10:26,684 - httpx - INFO - HTTP Request: POST https://api.telegram.org/bot6819420079:AAFAtvvmRXrbcP7si0rjcBay7H-9NQyXnNA/getUpdates "HTTP/1.1 200 OK"
2024-03-04 21:10:27,298 - httpx - INFO - HTTP Request: POST https://api.telegram.org/bot6819420079:AAFAtvvmRXrbcP7si0rjcBay7H-9NQyXnNA/answerCallbackQuery "HTTP/1.1 200 OK"
2024-03-04 21:10:27,515 - httpx - INFO - HTTP Request: POST https://api.telegram.org/bot6819420079:AAFAtvvmRXrbcP7si0rjcBay7H-9NQyXnNA/editMessageText "HTTP/1.1 200 OK"
2024-03-04 21:10:29,267 - httpx - INFO - HTTP Request: POST https://api.telegram.org/bot6819420079:AAFAtvvmRXrbcP7si0rjcBay7H-9NQyXnNA/getUpdates "HTTP/1.1 200 OK"
2024-03-04 21:10:29,511 - httpx - INFO - HTTP Request: POST https://api.telegram.org/bot6819420079:AAFAtvvmRXrbcP7si0rjcBay7H-9NQyXnNA/answerCallbackQuery "HTTP/1.1 200 OK"
2024-03-04 21:10:29,770 - httpx - INFO - HTTP Request: POST https://api.telegram.org/bot6819420079:AAFAtvvmRXrbcP7si0rjcBay7H-9NQyXnNA/editMessageText "HTTP/1.1 200 OK"
2024-03-04 21:10:39,388 - httpx - INFO - HTTP Request: POST https://api.telegram.org/bot6819420079:AAFAtvvmRXrbcP7si0rjcBay7H-9NQyXnNA/getUpdates "HTTP/1.1 200 OK"
2024-03-04 21:10:40,194 - httpx - INFO - HTTP Request: POST https://api.telegram.org/bot6819420079:AAFAtvvmRXrbcP7si0rjcBay7H-9NQyXnNA/getUpdates "HTTP/1.1 200 OK"
2024-03-04 21:10:40,648 - httpx - INFO - HTTP Request: POST https://api.telegram.org/bot6819420079:AAFAtvvmRXrbcP7si0rjcBay7H-9NQyXnNA/sendMessage "HTTP/1.1 200 OK"
2024-03-04 21:10:44,619 - httpx - INFO - HTTP Request: POST https://api.telegram.org/bot6819420079:AAFAtvvmRXrbcP7si0rjcBay7H-9NQyXnNA/getUpdates "HTTP/1.1 200 OK"
2024-03-04 21:10:44,766 - httpx - INFO - HTTP Request: POST https://api.telegram.org/bot6819420079:AAFAtvvmRXrbcP7si0rjcBay7H-9NQyXnNA/answerCallbackQuery "HTTP/1.1 200 OK"
2024-03-04 21:10:44,945 - httpx - INFO - HTTP Request: POST https://api.telegram.org/bot6819420079:AAFAtvvmRXrbcP7si0rjcBay7H-9NQyXnNA/editMessageText "HTTP/1.1 200 OK"
2024-03-04 21:10:46,384 - httpx - INFO - HTTP Request: POST https://api.telegram.org/bot6819420079:AAFAtvvmRXrbcP7si0rjcBay7H-9NQyXnNA/getUpdates "HTTP/1.1 200 OK"
2024-03-04 21:10:46,521 - httpx - INFO - HTTP Request: POST https://api.telegram.org/bot6819420079:AAFAtvvmRXrbcP7si0rjcBay7H-9NQyXnNA/answerCallbackQuery "HTTP/1.1 200 OK"
2024-03-04 21:10:46,771 - httpx - INFO - HTTP Request: POST https://api.telegram.org/bot6819420079:AAFAtvvmRXrbcP7si0rjcBay7H-9NQyXnNA/editMessageText "HTTP/1.1 200 OK"
2024-03-04 21:10:47,656 - httpx - INFO - HTTP Request: POST https://api.telegram.org/bot6819420079:AAFAtvvmRXrbcP7si0rjcBay7H-9NQyXnNA/getUpdates "HTTP/1.1 200 OK"
2024-03-04 21:10:47,794 - httpx - INFO - HTTP Request: POST https://api.telegram.org/bot6819420079:AAFAtvvmRXrbcP7si0rjcBay7H-9NQyXnNA/answerCallbackQuery "HTTP/1.1 200 OK"
2024-03-04 21:10:47,964 - httpx - INFO - HTTP Request: POST https://api.telegram.org/bot6819420079:AAFAtvvmRXrbcP7si0rjcBay7H-9NQyXnNA/editMessageText "HTTP/1.1 200 OK"
2024-03-04 21:10:49,659 - httpx - INFO - HTTP Request: POST https://api.telegram.org/bot6819420079:AAFAtvvmRXrbcP7si0rjcBay7H-9NQyXnNA/getUpdates "HTTP/1.1 200 OK"
2024-03-04 21:10:49,929 - httpx - INFO - HTTP Request: POST https://api.telegram.org/bot6819420079:AAFAtvvmRXrbcP7si0rjcBay7H-9NQyXnNA/answerCallbackQuery "HTTP/1.1 200 OK"
2024-03-04 21:10:50,252 - httpx - INFO - HTTP Request: POST https://api.telegram.org/bot6819420079:AAFAtvvmRXrbcP7si0rjcBay7H-9NQyXnNA/editMessageText "HTTP/1.1 200 OK"
2024-03-04 21:10:51,214 - httpx - INFO - HTTP Request: POST https://api.telegram.org/bot6819420079:AAFAtvvmRXrbcP7si0rjcBay7H-9NQyXnNA/getUpdates "HTTP/1.1 200 OK"
2024-03-04 21:10:51,465 - httpx - INFO - HTTP Request: POST https://api.telegram.org/bot6819420079:AAFAtvvmRXrbcP7si0rjcBay7H-9NQyXnNA/answerCallbackQuery "HTTP/1.1 200 OK"
2024-03-04 21:10:51,718 - httpx - INFO - HTTP Request: POST https://api.telegram.org/bot6819420079:AAFAtvvmRXrbcP7si0rjcBay7H-9NQyXnNA/deleteMessage "HTTP/1.1 200 OK"
2024-03-04 21:10:51,920 - httpx - INFO - HTTP Request: POST https://api.telegram.org/bot6819420079:AAFAtvvmRXrbcP7si0rjcBay7H-9NQyXnNA/sendMessage "HTTP/1.1 200 OK"
2024-03-04 21:10:55,419 - httpx - INFO - HTTP Request: POST https://api.telegram.org/bot6819420079:AAFAtvvmRXrbcP7si0rjcBay7H-9NQyXnNA/getUpdates "HTTP/1.1 200 OK"
2024-03-04 21:10:55,643 - httpx - INFO - HTTP Request: POST https://api.telegram.org/bot6819420079:AAFAtvvmRXrbcP7si0rjcBay7H-9NQyXnNA/answerCallbackQuery "HTTP/1.1 200 OK"
2024-03-04 21:10:55,938 - httpx - INFO - HTTP Request: POST https://api.telegram.org/bot6819420079:AAFAtvvmRXrbcP7si0rjcBay7H-9NQyXnNA/editMessageText "HTTP/1.1 200 OK"
2024-03-04 21:10:57,276 - httpx - INFO - HTTP Request: POST https://api.telegram.org/bot6819420079:AAFAtvvmRXrbcP7si0rjcBay7H-9NQyXnNA/getUpdates "HTTP/1.1 200 OK"
2024-03-04 21:10:57,470 - httpx - INFO - HTTP Request: POST https://api.telegram.org/bot6819420079:AAFAtvvmRXrbcP7si0rjcBay7H-9NQyXnNA/answerCallbackQuery "HTTP/1.1 200 OK"
2024-03-04 21:10:57,665 - httpx - INFO - HTTP Request: POST https://api.telegram.org/bot6819420079:AAFAtvvmRXrbcP7si0rjcBay7H-9NQyXnNA/editMessageText "HTTP/1.1 200 OK"
2024-03-04 21:10:58,743 - httpx - INFO - HTTP Request: POST https://api.telegram.org/bot6819420079:AAFAtvvmRXrbcP7si0rjcBay7H-9NQyXnNA/getUpdates "HTTP/1.1 200 OK"
2024-03-04 21:10:58,910 - httpx - INFO - HTTP Request: POST https://api.telegram.org/bot6819420079:AAFAtvvmRXrbcP7si0rjcBay7H-9NQyXnNA/answerCallbackQuery "HTTP/1.1 200 OK"
2024-03-04 21:10:59,086 - httpx - INFO - HTTP Request: POST https://api.telegram.org/bot6819420079:AAFAtvvmRXrbcP7si0rjcBay7H-9NQyXnNA/editMessageText "HTTP/1.1 200 OK"
2024-03-04 21:11:08,874 - httpx - INFO - HTTP Request: POST https://api.telegram.org/bot6819420079:AAFAtvvmRXrbcP7si0rjcBay7H-9NQyXnNA/getUpdates "HTTP/1.1 200 OK"
2024-03-04 21:11:18,993 - httpx - INFO - HTTP Request: POST https://api.telegram.org/bot6819420079:AAFAtvvmRXrbcP7si0rjcBay7H-9NQyXnNA/getUpdates "HTTP/1.1 200 OK"
2024-03-04 21:11:29,122 - httpx - INFO - HTTP Request: POST https://api.telegram.org/bot6819420079:AAFAtvvmRXrbcP7si0rjcBay7H-9NQyXnNA/getUpdates "HTTP/1.1 200 OK"
2024-03-04 21:11:39,239 - httpx - INFO - HTTP Request: POST https://api.telegram.org/bot6819420079:AAFAtvvmRXrbcP7si0rjcBay7H-9NQyXnNA/getUpdates "HTTP/1.1 200 OK"
2024-03-04 21:11:49,353 - httpx - INFO - HTTP Request: POST https://api.telegram.org/bot6819420079:AAFAtvvmRXrbcP7si0rjcBay7H-9NQyXnNA/getUpdates "HTTP/1.1 200 OK"
2024-03-04 21:11:59,500 - httpx - INFO - HTTP Request: POST https://api.telegram.org/bot6819420079:AAFAtvvmRXrbcP7si0rjcBay7H-9NQyXnNA/getUpdates "HTTP/1.1 200 OK"
2024-03-04 21:12:09,622 - httpx - INFO - HTTP Request: POST https://api.telegram.org/bot6819420079:AAFAtvvmRXrbcP7si0rjcBay7H-9NQyXnNA/getUpdates "HTTP/1.1 200 OK"
2024-03-04 21:12:19,787 - httpx - INFO - HTTP Request: POST https://api.telegram.org/bot6819420079:AAFAtvvmRXrbcP7si0rjcBay7H-9NQyXnNA/getUpdates "HTTP/1.1 200 OK"
2024-03-04 21:12:29,898 - httpx - INFO - HTTP Request: POST https://api.telegram.org/bot6819420079:AAFAtvvmRXrbcP7si0rjcBay7H-9NQyXnNA/getUpdates "HTTP/1.1 200 OK"
2024-03-04 21:12:39,121 - httpx - INFO - HTTP Request: POST https://api.telegram.org/bot6819420079:AAFAtvvmRXrbcP7si0rjcBay7H-9NQyXnNA/getUpdates "HTTP/1.1 200 OK"
2024-03-04 21:12:39,122 - telegram.ext.Application - INFO - Application is stopping. This might take a moment.
2024-03-04 21:12:39,124 - apscheduler.scheduler - INFO - Scheduler has been shut down
2024-03-04 21:12:39,124 - telegram.ext.Application - INFO - Application.stop() complete
2024-03-04 21:12:42,851 - httpx - INFO - HTTP Request: POST https://api.telegram.org/bot6819420079:AAFAtvvmRXrbcP7si0rjcBay7H-9NQyXnNA/getMe "HTTP/1.1 200 OK"
2024-03-04 21:12:43,293 - httpx - INFO - HTTP Request: POST https://api.telegram.org/bot6819420079:AAFAtvvmRXrbcP7si0rjcBay7H-9NQyXnNA/deleteWebhook "HTTP/1.1 200 OK"
2024-03-04 21:12:43,300 - apscheduler.scheduler - INFO - Scheduler started
2024-03-04 21:12:43,301 - telegram.ext.Application - INFO - Application started
2024-03-04 21:12:53,648 - httpx - INFO - HTTP Request: POST https://api.telegram.org/bot6819420079:AAFAtvvmRXrbcP7si0rjcBay7H-9NQyXnNA/getUpdates "HTTP/1.1 200 OK"
2024-03-04 21:12:56,239 - httpx - INFO - HTTP Request: POST https://api.telegram.org/bot6819420079:AAFAtvvmRXrbcP7si0rjcBay7H-9NQyXnNA/getUpdates "HTTP/1.1 200 OK"
2024-03-04 21:12:56,658 - httpx - INFO - HTTP Request: POST https://api.telegram.org/bot6819420079:AAFAtvvmRXrbcP7si0rjcBay7H-9NQyXnNA/answerCallbackQuery "HTTP/1.1 200 OK"
2024-03-04 21:12:56,859 - httpx - INFO - HTTP Request: POST https://api.telegram.org/bot6819420079:AAFAtvvmRXrbcP7si0rjcBay7H-9NQyXnNA/deleteMessage "HTTP/1.1 200 OK"
2024-03-04 21:12:57,135 - httpx - INFO - HTTP Request: POST https://api.telegram.org/bot6819420079:AAFAtvvmRXrbcP7si0rjcBay7H-9NQyXnNA/sendMessage "HTTP/1.1 200 OK"
2024-03-04 21:12:59,875 - httpx - INFO - HTTP Request: POST https://api.telegram.org/bot6819420079:AAFAtvvmRXrbcP7si0rjcBay7H-9NQyXnNA/getUpdates "HTTP/1.1 200 OK"
2024-03-04 21:13:00,158 - httpx - INFO - HTTP Request: POST https://api.telegram.org/bot6819420079:AAFAtvvmRXrbcP7si0rjcBay7H-9NQyXnNA/answerCallbackQuery "HTTP/1.1 200 OK"
2024-03-04 21:13:00,469 - httpx - INFO - HTTP Request: POST https://api.telegram.org/bot6819420079:AAFAtvvmRXrbcP7si0rjcBay7H-9NQyXnNA/editMessageText "HTTP/1.1 200 OK"
2024-03-04 21:13:01,306 - httpx - INFO - HTTP Request: POST https://api.telegram.org/bot6819420079:AAFAtvvmRXrbcP7si0rjcBay7H-9NQyXnNA/getUpdates "HTTP/1.1 200 OK"
2024-03-04 21:13:01,511 - httpx - INFO - HTTP Request: POST https://api.telegram.org/bot6819420079:AAFAtvvmRXrbcP7si0rjcBay7H-9NQyXnNA/answerCallbackQuery "HTTP/1.1 200 OK"
2024-03-04 21:13:01,719 - httpx - INFO - HTTP Request: POST https://api.telegram.org/bot6819420079:AAFAtvvmRXrbcP7si0rjcBay7H-9NQyXnNA/editMessageText "HTTP/1.1 200 OK"
2024-03-04 21:13:11,433 - httpx - INFO - HTTP Request: POST https://api.telegram.org/bot6819420079:AAFAtvvmRXrbcP7si0rjcBay7H-9NQyXnNA/getUpdates "HTTP/1.1 200 OK"
2024-03-04 21:13:21,559 - httpx - INFO - HTTP Request: POST https://api.telegram.org/bot6819420079:AAFAtvvmRXrbcP7si0rjcBay7H-9NQyXnNA/getUpdates "HTTP/1.1 200 OK"
2024-03-04 21:13:31,689 - httpx - INFO - HTTP Request: POST https://api.telegram.org/bot6819420079:AAFAtvvmRXrbcP7si0rjcBay7H-9NQyXnNA/getUpdates "HTTP/1.1 200 OK"
2024-03-04 21:13:41,818 - httpx - INFO - HTTP Request: POST https://api.telegram.org/bot6819420079:AAFAtvvmRXrbcP7si0rjcBay7H-9NQyXnNA/getUpdates "HTTP/1.1 200 OK"
2024-03-04 21:13:51,947 - httpx - INFO - HTTP Request: POST https://api.telegram.org/bot6819420079:AAFAtvvmRXrbcP7si0rjcBay7H-9NQyXnNA/getUpdates "HTTP/1.1 200 OK"
2024-03-04 21:14:02,074 - httpx - INFO - HTTP Request: POST https://api.telegram.org/bot6819420079:AAFAtvvmRXrbcP7si0rjcBay7H-9NQyXnNA/getUpdates "HTTP/1.1 200 OK"
2024-03-04 21:14:12,215 - httpx - INFO - HTTP Request: POST https://api.telegram.org/bot6819420079:AAFAtvvmRXrbcP7si0rjcBay7H-9NQyXnNA/getUpdates "HTTP/1.1 200 OK"
2024-03-04 21:14:22,341 - httpx - INFO - HTTP Request: POST https://api.telegram.org/bot6819420079:AAFAtvvmRXrbcP7si0rjcBay7H-9NQyXnNA/getUpdates "HTTP/1.1 200 OK"
2024-03-04 21:14:32,458 - httpx - INFO - HTTP Request: POST https://api.telegram.org/bot6819420079:AAFAtvvmRXrbcP7si0rjcBay7H-9NQyXnNA/getUpdates "HTTP/1.1 200 OK"
2024-03-04 21:14:42,589 - httpx - INFO - HTTP Request: POST https://api.telegram.org/bot6819420079:AAFAtvvmRXrbcP7si0rjcBay7H-9NQyXnNA/getUpdates "HTTP/1.1 200 OK"
2024-03-04 21:14:52,713 - httpx - INFO - HTTP Request: POST https://api.telegram.org/bot6819420079:AAFAtvvmRXrbcP7si0rjcBay7H-9NQyXnNA/getUpdates "HTTP/1.1 200 OK"
2024-03-04 21:15:02,841 - httpx - INFO - HTTP Request: POST https://api.telegram.org/bot6819420079:AAFAtvvmRXrbcP7si0rjcBay7H-9NQyXnNA/getUpdates "HTTP/1.1 200 OK"
2024-03-04 21:15:12,994 - httpx - INFO - HTTP Request: POST https://api.telegram.org/bot6819420079:AAFAtvvmRXrbcP7si0rjcBay7H-9NQyXnNA/getUpdates "HTTP/1.1 200 OK"
2024-03-04 21:15:23,131 - httpx - INFO - HTTP Request: POST https://api.telegram.org/bot6819420079:AAFAtvvmRXrbcP7si0rjcBay7H-9NQyXnNA/getUpdates "HTTP/1.1 200 OK"
2024-03-04 21:15:33,249 - httpx - INFO - HTTP Request: POST https://api.telegram.org/bot6819420079:AAFAtvvmRXrbcP7si0rjcBay7H-9NQyXnNA/getUpdates "HTTP/1.1 200 OK"
2024-03-04 21:15:43,381 - httpx - INFO - HTTP Request: POST https://api.telegram.org/bot6819420079:AAFAtvvmRXrbcP7si0rjcBay7H-9NQyXnNA/getUpdates "HTTP/1.1 200 OK"
2024-03-04 21:15:53,496 - httpx - INFO - HTTP Request: POST https://api.telegram.org/bot6819420079:AAFAtvvmRXrbcP7si0rjcBay7H-9NQyXnNA/getUpdates "HTTP/1.1 200 OK"
2024-03-04 21:16:03,626 - httpx - INFO - HTTP Request: POST https://api.telegram.org/bot6819420079:AAFAtvvmRXrbcP7si0rjcBay7H-9NQyXnNA/getUpdates "HTTP/1.1 200 OK"
2024-03-04 21:16:13,744 - httpx - INFO - HTTP Request: POST https://api.telegram.org/bot6819420079:AAFAtvvmRXrbcP7si0rjcBay7H-9NQyXnNA/getUpdates "HTTP/1.1 200 OK"
2024-03-04 21:16:23,867 - httpx - INFO - HTTP Request: POST https://api.telegram.org/bot6819420079:AAFAtvvmRXrbcP7si0rjcBay7H-9NQyXnNA/getUpdates "HTTP/1.1 200 OK"
2024-03-04 21:16:33,986 - httpx - INFO - HTTP Request: POST https://api.telegram.org/bot6819420079:AAFAtvvmRXrbcP7si0rjcBay7H-9NQyXnNA/getUpdates "HTTP/1.1 200 OK"
2024-03-04 21:16:44,108 - httpx - INFO - HTTP Request: POST https://api.telegram.org/bot6819420079:AAFAtvvmRXrbcP7si0rjcBay7H-9NQyXnNA/getUpdates "HTTP/1.1 200 OK"
2024-03-04 21:16:54,248 - httpx - INFO - HTTP Request: POST https://api.telegram.org/bot6819420079:AAFAtvvmRXrbcP7si0rjcBay7H-9NQyXnNA/getUpdates "HTTP/1.1 200 OK"
2024-03-04 21:17:04,470 - httpx - INFO - HTTP Request: POST https://api.telegram.org/bot6819420079:AAFAtvvmRXrbcP7si0rjcBay7H-9NQyXnNA/getUpdates "HTTP/1.1 200 OK"
2024-03-04 21:17:11,117 - httpx - INFO - HTTP Request: POST https://api.telegram.org/bot6819420079:AAFAtvvmRXrbcP7si0rjcBay7H-9NQyXnNA/getUpdates "HTTP/1.1 200 OK"
2024-03-04 21:17:11,539 - httpx - INFO - HTTP Request: POST https://api.telegram.org/bot6819420079:AAFAtvvmRXrbcP7si0rjcBay7H-9NQyXnNA/answerCallbackQuery "HTTP/1.1 200 OK"
2024-03-04 21:17:11,691 - httpx - INFO - HTTP Request: POST https://api.telegram.org/bot6819420079:AAFAtvvmRXrbcP7si0rjcBay7H-9NQyXnNA/editMessageText "HTTP/1.1 200 OK"
2024-03-04 21:17:21,234 - httpx - INFO - HTTP Request: POST https://api.telegram.org/bot6819420079:AAFAtvvmRXrbcP7si0rjcBay7H-9NQyXnNA/getUpdates "HTTP/1.1 200 OK"
2024-03-04 21:17:26,530 - httpx - INFO - HTTP Request: POST https://api.telegram.org/bot6819420079:AAFAtvvmRXrbcP7si0rjcBay7H-9NQyXnNA/getUpdates "HTTP/1.1 200 OK"
2024-03-04 21:17:26,534 - telegram.ext.Application - INFO - Application is stopping. This might take a moment.
2024-03-04 21:17:26,536 - apscheduler.scheduler - INFO - Scheduler has been shut down
2024-03-04 21:17:26,537 - telegram.ext.Application - INFO - Application.stop() complete
